<?xml version="1.0" encoding="UTF-8"?>
<!-- Generated by org.testng.reporters.JUnitReportReporter -->
<testsuite skipped="0" hostname="Sony" name="com.TestNG.GoogleTitleTest" tests="1" failures="0" timestamp="03 Dec 2018 14:27:44 GMT" time="23.183" errors="0">
  <testcase name="googleTitleTest" time="23.183" classname="com.TestNG.GoogleTitleTest"/>
</testsuite> <!-- com.TestNG.GoogleTitleTest -->
