<?xml version="1.0" encoding="UTF-8"?>
<!-- Generated by org.testng.reporters.JUnitReportReporter -->
<testsuite skipped="0" hostname="Sony" name="com.TestNG.TestngFeatures" tests="4" failures="0" timestamp="02 Mar 2019 21:26:08 GMT" time="0.061" errors="0">
  <testcase name="loginTest" time="0.028" classname="com.TestNG.TestngFeatures"/>
  <testcase name="regPageTest" time="0.016" classname="com.TestNG.TestngFeatures"/>
  <testcase name="searchPageTest" time="0.011" classname="com.TestNG.TestngFeatures"/>
  <testcase name="homePageTest" time="0.006" classname="com.TestNG.TestngFeatures"/>
</testsuite> <!-- com.TestNG.TestngFeatures -->
