<?xml version="1.0" encoding="UTF-8"?>
<!-- Generated by org.testng.reporters.JUnitReportReporter -->
<testsuite skipped="0" hostname="Sony" name="com.TestNG.GoogleTest" tests="3" failures="0" timestamp="03 Dec 2018 11:24:38 GMT" time="27.686" errors="0">
  <testcase name="googleTitleTest" time="11.014" classname="com.TestNG.GoogleTest"/>
  <testcase name="googleLogoTest" time="9.449" classname="com.TestNG.GoogleTest"/>
  <testcase name="googleMailTest" time="7.223" classname="com.TestNG.GoogleTest"/>
</testsuite> <!-- com.TestNG.GoogleTest -->
