<?xml version="1.0" encoding="UTF-8"?>
<!-- Generated by org.testng.reporters.JUnitReportReporter -->
<testsuite skipped="0" hostname="Sony" name="com.TestNG.ExpectedException" tests="1" failures="0" timestamp="03 Dec 2018 14:27:44 GMT" time="0.007" errors="0">
  <testcase name="infiniteLoopTest" time="0.007" classname="com.TestNG.ExpectedException"/>
</testsuite> <!-- com.TestNG.ExpectedException -->
