<?xml version="1.0" encoding="UTF-8"?>
<!-- Generated by org.testng.reporters.JUnitReportReporter -->
<testsuite skipped="0" hostname="Sony" name="com.TestNG.ExceptionTimeOutTest" tests="1" failures="0" timestamp="16 Dec 2018 14:30:26 GMT" time="0.040" errors="0">
  <testcase name="infiniteLoopTest" time="0.040" classname="com.TestNG.ExceptionTimeOutTest"/>
</testsuite> <!-- com.TestNG.ExceptionTimeOutTest -->
