<?xml version="1.0" encoding="UTF-8"?>
<!-- Generated by org.testng.reporters.JUnitReportReporter -->
<testsuite skipped="0" hostname="Sony" name="com.TestNG.TestNGBasic" tests="3" failures="0" timestamp="03 Dec 2018 14:27:44 GMT" time="0.028" errors="0">
  <testcase name="googleLogoTest" time="0.012" classname="com.TestNG.TestNGBasic"/>
  <testcase name="googleTitleTest" time="0.008" classname="com.TestNG.TestNGBasic"/>
  <testcase name="searchTest" time="0.008" classname="com.TestNG.TestNGBasic"/>
</testsuite> <!-- com.TestNG.TestNGBasic -->
