<?xml version="1.0" encoding="UTF-8"?>
<!-- Generated by org.testng.reporters.JUnitReportReporter -->
<testsuite skipped="0" hostname="Sony" name="com.TestNG.InvocationCountTest" tests="10" failures="0" timestamp="03 Dec 2018 14:27:44 GMT" time="0.064" errors="0">
  <testcase name="invocationCountTest" time="0.004" classname="com.TestNG.InvocationCountTest"/>
  <testcase name="invocationCountTest" time="0.008" classname="com.TestNG.InvocationCountTest"/>
  <testcase name="invocationCountTest" time="0.002" classname="com.TestNG.InvocationCountTest"/>
  <testcase name="invocationCountTest" time="0.000" classname="com.TestNG.InvocationCountTest"/>
  <testcase name="invocationCountTest" time="0.004" classname="com.TestNG.InvocationCountTest"/>
  <testcase name="invocationCountTest" time="0.012" classname="com.TestNG.InvocationCountTest"/>
  <testcase name="invocationCountTest" time="0.004" classname="com.TestNG.InvocationCountTest"/>
  <testcase name="invocationCountTest" time="0.004" classname="com.TestNG.InvocationCountTest"/>
  <testcase name="invocationCountTest" time="0.026" classname="com.TestNG.InvocationCountTest"/>
  <testcase name="invocationCountTest" time="0.000" classname="com.TestNG.InvocationCountTest"/>
</testsuite> <!-- com.TestNG.InvocationCountTest -->
